<?xml version="1.0" encoding="UTF-8"?>
<!-- Generated by org.testng.reporters.JUnitReportReporter -->
<testsuite skipped="0" hostname="WINCTRL-CJSDREL" name="com.cyclos.tests.TestCase2Tests" tests="1" failures="0" timestamp="17 Feb 2019 16:22:04 GMT" time="17.962" errors="0">
  <testcase name="TC2" time="17.962" classname="com.cyclos.tests.TestCase2Tests"/>
</testsuite> <!-- com.cyclos.tests.TestCase2Tests -->
