<?xml version="1.0" encoding="UTF-8"?>
<!-- Generated by org.testng.reporters.JUnitReportReporter -->
<testsuite hostname="WINCTRL-CJSDREL" name="com.cyclos.tests.TestCase1" tests="1" failures="0" timestamp="16 Feb 2019 08:59:28 GMT" time="13.495" errors="0">
  <testcase name="invokeApplication" time="13.495" classname="com.cyclos.tests.TestCase1"/>
</testsuite> <!-- com.cyclos.tests.TestCase1 -->
